\BOOKMARK [0][-]{chapter.1}{Introduction and Motivation}{}% 1
\BOOKMARK [1][-]{section.1.1}{BoolTool}{chapter.1}% 2
\BOOKMARK [0][-]{chapter.2}{Related Work}{}% 3
\BOOKMARK [1][-]{section.2.1}{Websites}{chapter.2}% 4
\BOOKMARK [1][-]{section.2.2}{Apps for iPad}{chapter.2}% 5
\BOOKMARK [0][-]{chapter.3}{Processes and Tools}{}% 6
\BOOKMARK [1][-]{section.3.1}{Project phases}{chapter.3}% 7
\BOOKMARK [1][-]{section.3.2}{Tools}{chapter.3}% 8
\BOOKMARK [1][-]{section.3.3}{Development Model}{chapter.3}% 9
\BOOKMARK [0][-]{chapter.4}{Concept}{}% 10
\BOOKMARK [1][-]{section.4.1}{Tutorials}{chapter.4}% 11
\BOOKMARK [2][-]{subsection.4.1.1}{Introduction}{section.4.1}% 12
\BOOKMARK [2][-]{subsection.4.1.2}{Syntax}{section.4.1}% 13
\BOOKMARK [2][-]{subsection.4.1.3}{Semantics}{section.4.1}% 14
\BOOKMARK [2][-]{subsection.4.1.4}{Normal Forms}{section.4.1}% 15
\BOOKMARK [2][-]{subsection.4.1.5}{Binary Decision Diagrams}{section.4.1}% 16
\BOOKMARK [1][-]{section.4.2}{Playgrounds}{chapter.4}% 17
\BOOKMARK [2][-]{subsection.4.2.1}{Create formulas by syntax tree}{section.4.2}% 18
\BOOKMARK [2][-]{subsection.4.2.2}{Perform equivalence transformations on the syntax tree}{section.4.2}% 19
\BOOKMARK [1][-]{section.4.3}{Glossary}{chapter.4}% 20
\BOOKMARK [1][-]{section.4.4}{BoolTool}{chapter.4}% 21
\BOOKMARK [2][-]{subsection.4.4.1}{Input}{section.4.4}% 22
\BOOKMARK [2][-]{subsection.4.4.2}{Output}{section.4.4}% 23
\BOOKMARK [0][-]{chapter.5}{Implementation}{}% 24
\BOOKMARK [0][-]{chapter.6}{Retrospective and Outlook}{}% 25
\BOOKMARK [1][-]{section.6.1}{Retrospective}{chapter.6}% 26
\BOOKMARK [1][-]{section.6.2}{Outlook}{chapter.6}% 27
\BOOKMARK [0][-]{chapter.7}{Summary and Conclusion}{}% 28
\BOOKMARK [0][-]{section*.28}{List of Figures}{}% 29
\BOOKMARK [0][-]{chapter*.29}{List of Tables}{}% 30
\BOOKMARK [0][-]{section*.31}{Glossary}{}% 31
\BOOKMARK [0][-]{section*.33}{Bibliography}{}% 32
\BOOKMARK [0][-]{appendix.A}{Handbook}{}% 33
